<?xml version="1.0" encoding="UTF-8"?>
<!-- Generated by org.testng.reporters.JUnitReportReporter -->
<testsuite hostname="DESKTOP-FUGQNF4" failures="0" tests="2" name="TestNG.TestNG.CurrentAcTestClass2" time="0.025" errors="0" timestamp="2022-09-05T18:59:46 IST" skipped="1">
  <testcase classname="TestNG.TestNG.CurrentAcTestClass2" name="test2" time="0.025"/>
  <system-out/>
  <testcase classname="TestNG.TestNG.CurrentAcTestClass2" name="test1">
    <skipped/>
  </testcase> <!-- test1 -->
  <system-out/>
</testsuite> <!-- TestNG.TestNG.CurrentAcTestClass2 -->
