<?xml version="1.0" encoding="UTF-8"?>
<!-- Generated by org.testng.reporters.JUnitReportReporter -->
<testsuite hostname="DESKTOP-FUGQNF4" failures="0" tests="2" name="TestNG.TestNG.TestCase1" time="0.030" errors="0" timestamp="2022-09-05T20:15:32 IST" skipped="0">
  <testcase classname="TestNG.TestNG.TestCase1" name="test1" time="0.019"/>
  <system-out/>
  <testcase classname="TestNG.TestNG.TestCase1" name="test2" time="0.011"/>
  <system-out/>
</testsuite> <!-- TestNG.TestNG.TestCase1 -->
