<?xml version="1.0" encoding="UTF-8"?>
<!-- Generated by org.testng.reporters.JUnitReportReporter -->
<testsuite hostname="DESKTOP-FUGQNF4" failures="0" tests="2" name="TestNG.TestNG.Testcase2" time="0.028" errors="0" timestamp="2022-09-05T20:10:33 IST" skipped="0">
  <testcase classname="TestNG.TestNG.Testcase2" name="test3" time="0.013"/>
  <system-out/>
  <testcase classname="TestNG.TestNG.Testcase2" name="test4" time="0.015"/>
  <system-out/>
</testsuite> <!-- TestNG.TestNG.Testcase2 -->
