<?xml version="1.0" encoding="UTF-8"?>
<!-- Generated by org.testng.reporters.JUnitReportReporter -->
<testsuite hostname="DESKTOP-FUGQNF4" failures="0" tests="2" name="TestNG.TestNG.TestNGExample" time="0.022" errors="0" timestamp="2022-09-06T23:44:39 IST" skipped="0">
  <testcase classname="TestNG.TestNG.TestNGExample" name="test2" time="0.004"/>
  <system-out/>
  <testcase classname="TestNG.TestNG.TestNGExample" name="test1" time="0.018"/>
  <system-out/>
</testsuite> <!-- TestNG.TestNG.TestNGExample -->
