<?xml version="1.0" encoding="UTF-8"?>
<!-- Generated by org.testng.reporters.JUnitReportReporter -->
<testsuite hostname="DESKTOP-FUGQNF4" failures="0" tests="2" name="TestNG.TestNG.ParallelTestDemo1" time="26.313" errors="0" timestamp="2022-09-07T10:49:05 IST" skipped="0">
  <testcase classname="TestNG.TestNG.ParallelTestDemo1" name="verifyLogo" time="15.071"/>
  <system-out/>
  <testcase classname="TestNG.TestNG.ParallelTestDemo1" name="verifyTitle" time="11.242"/>
  <system-out/>
</testsuite> <!-- TestNG.TestNG.ParallelTestDemo1 -->
