<?xml version="1.0" encoding="UTF-8"?>
<!-- Generated by org.testng.reporters.JUnitReportReporter -->
<testsuite hostname="DESKTOP-FUGQNF4" failures="0" tests="1" name="TestNG.TestNG.CurrentAcTestClass1" time="0.005" errors="0" timestamp="2022-09-05T18:59:46 IST" skipped="0">
  <testcase classname="TestNG.TestNG.CurrentAcTestClass1" name="test2" time="0.005"/>
  <system-out/>
</testsuite> <!-- TestNG.TestNG.CurrentAcTestClass1 -->
