<?xml version="1.0" encoding="UTF-8"?>
<!-- Generated by org.testng.reporters.JUnitReportReporter -->
<testsuite hostname="DESKTOP-FUGQNF4" failures="0" tests="1" name="TestNG.TestNG.ParallelTestDemo2" time="15.798" errors="0" timestamp="2022-09-07T10:49:05 IST" skipped="0">
  <testcase classname="TestNG.TestNG.ParallelTestDemo2" name="Login" time="15.798"/>
  <system-out/>
</testsuite> <!-- TestNG.TestNG.ParallelTestDemo2 -->
